0 info it worked if it ends with ok
1 verbose cli [ '/Users/szucsnorbert/.nvm/versions/node/v6.2.1/bin/node',
1 verbose cli   '/Users/szucsnorbert/.nvm/versions/node/v6.2.1/bin/npm',
1 verbose cli   'start' ]
2 info using npm@3.9.3
3 info using node@v6.2.1
4 verbose run-script [ 'prestart', 'start', 'poststart' ]
5 info lifecycle kajaflash@1.0.0~prestart: kajaflash@1.0.0
6 silly lifecycle kajaflash@1.0.0~prestart: no script for prestart, continuing
7 info lifecycle kajaflash@1.0.0~start: kajaflash@1.0.0
8 verbose lifecycle kajaflash@1.0.0~start: unsafe-perm in lifecycle true
9 verbose lifecycle kajaflash@1.0.0~start: PATH: /Users/szucsnorbert/.nvm/versions/node/v6.2.1/lib/node_modules/npm/bin/node-gyp-bin:/Users/szucsnorbert/kajaflash/node_modules/.bin:/Users/szucsnorbert/.nvm/versions/node/v6.2.1/bin:/Library/Frameworks/Python.framework/Versions/3.5/bin:/Users/szucsnorbert/.nvm/versions/node/v6.2.1/bin:/Library/Frameworks/Python.framework/Versions/3.5/bin:/usr/local/bin:/usr/bin:/bin:/usr/sbin:/sbin:/usr/local/m-cli:/usr/local/mysql/bin:/usr/local/mysql/bin
10 verbose lifecycle kajaflash@1.0.0~start: CWD: /Users/szucsnorbert/kajaflash
11 silly lifecycle kajaflash@1.0.0~start: Args: [ '-c',
11 silly lifecycle   'node ./node_modules/babel-cli/bin/babel-node.js --presets react,es2015 server.js' ]
12 silly lifecycle kajaflash@1.0.0~start: Returned: code: 1  signal: null
13 info lifecycle kajaflash@1.0.0~start: Failed to exec start script
14 verbose stack Error: kajaflash@1.0.0 start: `node ./node_modules/babel-cli/bin/babel-node.js --presets react,es2015 server.js`
14 verbose stack Exit status 1
14 verbose stack     at EventEmitter.<anonymous> (/Users/szucsnorbert/.nvm/versions/node/v6.2.1/lib/node_modules/npm/lib/utils/lifecycle.js:245:16)
14 verbose stack     at emitTwo (events.js:106:13)
14 verbose stack     at EventEmitter.emit (events.js:191:7)
14 verbose stack     at ChildProcess.<anonymous> (/Users/szucsnorbert/.nvm/versions/node/v6.2.1/lib/node_modules/npm/lib/utils/spawn.js:24:14)
14 verbose stack     at emitTwo (events.js:106:13)
14 verbose stack     at ChildProcess.emit (events.js:191:7)
14 verbose stack     at maybeClose (internal/child_process.js:852:16)
14 verbose stack     at Process.ChildProcess._handle.onexit (internal/child_process.js:215:5)
15 verbose pkgid kajaflash@1.0.0
16 verbose cwd /Users/szucsnorbert/kajaflash
17 error Darwin 15.5.0
18 error argv "/Users/szucsnorbert/.nvm/versions/node/v6.2.1/bin/node" "/Users/szucsnorbert/.nvm/versions/node/v6.2.1/bin/npm" "start"
19 error node v6.2.1
20 error npm  v3.9.3
21 error code ELIFECYCLE
22 error kajaflash@1.0.0 start: `node ./node_modules/babel-cli/bin/babel-node.js --presets react,es2015 server.js`
22 error Exit status 1
23 error Failed at the kajaflash@1.0.0 start script 'node ./node_modules/babel-cli/bin/babel-node.js --presets react,es2015 server.js'.
23 error Make sure you have the latest version of node.js and npm installed.
23 error If you do, this is most likely a problem with the kajaflash package,
23 error not with npm itself.
23 error Tell the author that this fails on your system:
23 error     node ./node_modules/babel-cli/bin/babel-node.js --presets react,es2015 server.js
23 error You can get information on how to open an issue for this project with:
23 error     npm bugs kajaflash
23 error Or if that isn't available, you can get their info via:
23 error     npm owner ls kajaflash
23 error There is likely additional logging output above.
24 verbose exit [ 1, true ]
